<?xml version="1.0" encoding="UTF-8"?>
<!-- Generated by org.testng.reporters.JUnitReportReporter -->
<testsuite hostname="Rinkesh" name="com.myframeworkmaven.firstmaven.TestFB" tests="1" failures="0" timestamp="13 Dec 2016 15:42:06 GMT" time="39.851" errors="0">
  <testcase name="TestFireFox" time="39.851" classname="com.myframeworkmaven.firstmaven.TestFB"/>
</testsuite> <!-- com.myframeworkmaven.firstmaven.TestFB -->
